vi., 11 de mar. de 2022 15:45:11: 
./test.sh: line 26: gcc: command not found
Compilation failed
c97657f
vi., 11 de mar. de 2022 16:15:28: 
./test.sh: line 26: gcc: command not found
Compilation failed
af30f5b
vi., 11 de mar. de 2022 16:16:20: 
./test.sh: line 26: gcc: command not found
Compilation failed
48d616c
vi., 11 de mar. de 2022 16:32:33: 
./test.sh: line 26: gcc: command not found
Compilation failed
b3df521
vi., 11 de mar. de 2022 16:42:17: 
./test.sh: line 26: gcc: command not found
Compilation failed
e1d253b
vi., 11 de mar. de 2022 16:44:48: 
 tests:  0|7
total_score: 0/70
739573d
vi., 11 de mar. de 2022 22:05:51: 
 tests:  0|7
total_score: 0/70
19065e8
vi., 11 de mar. de 2022 22:16:07: 
 exercises.c | 15 +++++++++++++--
 1 file changed, 13 insertions(+), 2 deletions(-)
In file included from test.c:5:0:
exercises.c: In function 'suma':
exercises.c:16:11: error: 'return' with a value, in function returning void [-Werror]
    return c;
           ^
exercises.c:14:6: note: declared here
 void suma(int a, int b, int * c) {
      ^~~~
exercises.c: In function 'crearPersona':
exercises.c:66:8: error: assignment from incompatible pointer type [-Werror=incompatible-pointer-types]
    nre = (int*)malloc(sizeof(Persona));
        ^
exercises.c:69:11: error: passing argument 1 of 'strcpy' makes pointer from integer without a cast [-Werror=int-conversion]
    strcpy(nre->edad, edad);
           ^~~
In file included from test.c:3:0:
c:\mingw\include\string.h:79:40: note: expected 'char *' but argument is of type 'int'
 _CRTIMP __cdecl __MINGW_NOTHROW  char *strcpy (char *, const char *);
                                        ^~~~~~
In file included from test.c:5:0:
exercises.c:69:22: error: passing argument 2 of 'strcpy' makes pointer from integer without a cast [-Werror=int-conversion]
    strcpy(nre->edad, edad);
                      ^~~~
In file included from test.c:3:0:
c:\mingw\include\string.h:79:40: note: expected 'const char *' but argument is of type 'int'
 _CRTIMP __cdecl __MINGW_NOTHROW  char *strcpy (char *, const char *);
                                        ^~~~~~
cc1.exe: all warnings being treated as errors
Compilation failed
11120ca
vi., 11 de mar. de 2022 22:16:49: 
 exercises.c | 2 +-
 1 file changed, 1 insertion(+), 1 deletion(-)
In file included from test.c:5:0:
exercises.c: In function 'suma':
exercises.c:16:11: error: 'return' with a value, in function returning void [-Werror]
    return *c;
           ^~
exercises.c:14:6: note: declared here
 void suma(int a, int b, int * c) {
      ^~~~
exercises.c: In function 'crearPersona':
exercises.c:66:8: error: assignment from incompatible pointer type [-Werror=incompatible-pointer-types]
    nre = (int*)malloc(sizeof(Persona));
        ^
exercises.c:69:11: error: passing argument 1 of 'strcpy' makes pointer from integer without a cast [-Werror=int-conversion]
    strcpy(nre->edad, edad);
           ^~~
In file included from test.c:3:0:
c:\mingw\include\string.h:79:40: note: expected 'char *' but argument is of type 'int'
 _CRTIMP __cdecl __MINGW_NOTHROW  char *strcpy (char *, const char *);
                                        ^~~~~~
In file included from test.c:5:0:
exercises.c:69:22: error: passing argument 2 of 'strcpy' makes pointer from integer without a cast [-Werror=int-conversion]
    strcpy(nre->edad, edad);
                      ^~~~
In file included from test.c:3:0:
c:\mingw\include\string.h:79:40: note: expected 'const char *' but argument is of type 'int'
 _CRTIMP __cdecl __MINGW_NOTHROW  char *strcpy (char *, const char *);
                                        ^~~~~~
cc1.exe: all warnings being treated as errors
Compilation failed
a7e0bb8
vi., 11 de mar. de 2022 22:17:16: 
 exercises.c | 1 -
 1 file changed, 1 deletion(-)
In file included from test.c:5:0:
exercises.c: In function 'crearPersona':
exercises.c:65:8: error: assignment from incompatible pointer type [-Werror=incompatible-pointer-types]
    nre = (int*)malloc(sizeof(Persona));
        ^
exercises.c:68:11: error: passing argument 1 of 'strcpy' makes pointer from integer without a cast [-Werror=int-conversion]
    strcpy(nre->edad, edad);
           ^~~
In file included from test.c:3:0:
c:\mingw\include\string.h:79:40: note: expected 'char *' but argument is of type 'int'
 _CRTIMP __cdecl __MINGW_NOTHROW  char *strcpy (char *, const char *);
                                        ^~~~~~
In file included from test.c:5:0:
exercises.c:68:22: error: passing argument 2 of 'strcpy' makes pointer from integer without a cast [-Werror=int-conversion]
    strcpy(nre->edad, edad);
                      ^~~~
In file included from test.c:3:0:
c:\mingw\include\string.h:79:40: note: expected 'const char *' but argument is of type 'int'
 _CRTIMP __cdecl __MINGW_NOTHROW  char *strcpy (char *, const char *);
                                        ^~~~~~
cc1.exe: all warnings being treated as errors
Compilation failed
014d752
vi., 11 de mar. de 2022 22:18:44: 
 exercises.c | 7 +------
 1 file changed, 1 insertion(+), 6 deletions(-)
 tests:  1|6
total_score: 10/70
620bcca
vi., 11 de mar. de 2022 22:20:49: 
 exercises.c | 8 +++++++-
 1 file changed, 7 insertions(+), 1 deletion(-)
In file included from test.c:5:0:
exercises.c: In function 'crearPersona':
exercises.c:66:8: error: assignment from incompatible pointer type [-Werror=incompatible-pointer-types]
    nre = (int*)malloc(sizeof(Persona));
        ^
exercises.c:69:11: error: passing argument 1 of 'strcpy' makes pointer from integer without a cast [-Werror=int-conversion]
    strcpy(nre->edad, edad);
           ^~~
In file included from test.c:3:0:
c:\mingw\include\string.h:79:40: note: expected 'char *' but argument is of type 'int'
 _CRTIMP __cdecl __MINGW_NOTHROW  char *strcpy (char *, const char *);
                                        ^~~~~~
In file included from test.c:5:0:
exercises.c:69:22: error: passing argument 2 of 'strcpy' makes pointer from integer without a cast [-Werror=int-conversion]
    strcpy(nre->edad, edad);
                      ^~~~
In file included from test.c:3:0:
c:\mingw\include\string.h:79:40: note: expected 'const char *' but argument is of type 'int'
 _CRTIMP __cdecl __MINGW_NOTHROW  char *strcpy (char *, const char *);
                                        ^~~~~~
cc1.exe: all warnings being treated as errors
Compilation failed
780d657
vi., 11 de mar. de 2022 22:36:19: 
 exercises.c | 20 ++++++++++++--------
 1 file changed, 12 insertions(+), 8 deletions(-)
In file included from test.c:5:0:
exercises.c: In function 'sumaNultimos':
exercises.c:44:10: error: value computed is not used [-Werror=unused-value]
          *suma++;
          ^~~~~~~
exercises.c: In function 'asignarValor':
exercises.c:101:4: error: invalid type argument of unary '*' (have 'Vector {aka struct <anonymous>}')
    *v[i]=valor;
    ^~~~~
exercises.c:102:11: error: 'return' with a value, in function returning void [-Werror]
    return valor;
           ^~~~~
exercises.c:100:6: note: declared here
 void asignarValor(Vector * v, int i, int valor) {
      ^~~~~~~~~~~~
cc1.exe: all warnings being treated as errors
Compilation failed
6ca2fc7
vi., 11 de mar. de 2022 22:38:00: 
 exercises.c | 4 ++--
 1 file changed, 2 insertions(+), 2 deletions(-)
In file included from test.c:5:0:
exercises.c: In function 'sumaNultimos':
exercises.c:44:10: error: value computed is not used [-Werror=unused-value]
          *suma++;
          ^~~~~~~
exercises.c:48:11: error: 'return' with a value, in function returning void [-Werror]
    return suma;
           ^~~~
exercises.c:39:6: note: declared here
 void sumaNultimos(int a[], int n, int m, int * suma) {
      ^~~~~~~~~~~~
cc1.exe: all warnings being treated as errors
Compilation failed
a2045eb
vi., 11 de mar. de 2022 23:59:12: 
 exercises.c | 2 +-
 1 file changed, 1 insertion(+), 1 deletion(-)
In file included from test.c:5:0:
exercises.c: In function 'sumaNultimos':
exercises.c:44:10: error: value computed is not used [-Werror=unused-value]
          *suma++;
          ^~~~~~~
cc1.exe: all warnings being treated as errors
Compilation failed
1cd05f6
sá., 12 de mar. de 2022  0:57:32: 
 exercises.c | 2 +-
 1 file changed, 1 insertion(+), 1 deletion(-)
In file included from test.c:5:0:
exercises.c: In function 'sumaNultimos':
exercises.c:44:10: error: value computed is not used [-Werror=unused-value]
          *(suma++);
          ^~~~~~~~~
cc1.exe: all warnings being treated as errors
Compilation failed
52fd6e2
sá., 12 de mar. de 2022  0:58:03: 
 exercises.c | 2 +-
 1 file changed, 1 insertion(+), 1 deletion(-)
 tests:  1|6
total_score: 10/70
1769782
sá., 12 de mar. de 2022  0:58:54: 
 exercises.c | 2 +-
 1 file changed, 1 insertion(+), 1 deletion(-)
In file included from test.c:5:0:
exercises.c: In function 'sumaNultimos':
exercises.c:44:11: error: value computed is not used [-Werror=unused-value]
          (*suma++);
          ~^~~~~~~~
cc1.exe: all warnings being treated as errors
Compilation failed
debd3ef
sá., 12 de mar. de 2022 19:48:39: 
 exercises.c | 7 +++++++
 1 file changed, 7 insertions(+)
In file included from test.c:5:0:
exercises.c: In function 'sumaNultimos':
exercises.c:44:11: error: value computed is not used [-Werror=unused-value]
          (*suma++);
          ~^~~~~~~~
exercises.c: In function 'asignarValor':
exercises.c:103:35: error: stray '\302' in program
    for(j=0; j<= v->capacidad; j++)¨{
                                   ^
exercises.c:103:36: error: stray '\250' in program
    for(j=0; j<= v->capacidad; j++)¨{
                                    ^
exercises.c:105:18: error: assignment makes pointer from integer without a cast [-Werror=int-conversion]
          v->datos=valor;
                  ^
cc1.exe: all warnings being treated as errors
Compilation failed
2e7a66f
sá., 12 de mar. de 2022 19:49:22: 
 exercises.c | 2 +-
 1 file changed, 1 insertion(+), 1 deletion(-)
In file included from test.c:5:0:
exercises.c: In function 'sumaNultimos':
exercises.c:44:11: error: value computed is not used [-Werror=unused-value]
          (*suma++);
          ~^~~~~~~~
exercises.c: In function 'asignarValor':
exercises.c:105:18: error: assignment makes pointer from integer without a cast [-Werror=int-conversion]
          v->datos=valor;
                  ^
cc1.exe: all warnings being treated as errors
Compilation failed
31a6529
